<?xml version="1.0" encoding="UTF-8"?>
<!-- Generated by org.testng.reporters.JUnitXMLReporter -->
<testsuite ignored="0" hostname="LAPTOP-3ECM99MI" failures="0" tests="3" name="Default test" time="56.178" errors="0" timestamp="2024-03-09T12:27:39 IST">
  <testcase classname="com.qa.testScripts.LoginPageTestScript" name="logoCaptured" time="3.26"/>
  <testcase classname="com.qa.testScripts.LoginPageTestScript" name="logoLocation" time="0.214"/>
  <testcase classname="com.qa.testScripts.LoginPageTestScript" name="logodisplayed" time="0.555"/>
</testsuite> <!-- Default test -->
