<?xml version="1.0" encoding="UTF-8"?>
<testng-results ignored="0" total="1" passed="1" failed="0" skipped="0">
  <reporter-output>
  </reporter-output>
  <suite started-at="2024-02-25T22:08:17 IST" name="Suite" finished-at="2024-02-25T22:08:36 IST" duration-ms="19129">
    <groups>
    </groups>
    <test started-at="2024-02-25T22:08:17 IST" name="Test" finished-at="2024-02-25T22:08:36 IST" duration-ms="19129">
      <class name="com.qa.testScripts.HomePageTestScript">
        <test-method is-config="true" signature="setup()[pri:0, instance:com.qa.testScripts.HomePageTestScript@12aba8be]" started-at="2024-02-25T22:08:17 IST" name="setup" finished-at="2024-02-25T22:08:35 IST" duration-ms="17985" status="PASS">
          <reporter-output>
          </reporter-output>
        </test-method> <!-- setup -->
        <test-method signature="logodisplayed()[pri:0, instance:com.qa.testScripts.HomePageTestScript@12aba8be]" started-at="2024-02-25T22:08:35 IST" name="logodisplayed" finished-at="2024-02-25T22:08:36 IST" duration-ms="204" status="PASS">
          <reporter-output>
          </reporter-output>
        </test-method> <!-- logodisplayed -->
        <test-method is-config="true" signature="teardown()[pri:0, instance:com.qa.testScripts.HomePageTestScript@12aba8be]" started-at="2024-02-25T22:08:36 IST" name="teardown" finished-at="2024-02-25T22:08:36 IST" duration-ms="734" status="PASS">
          <reporter-output>
          </reporter-output>
        </test-method> <!-- teardown -->
      </class> <!-- com.qa.testScripts.HomePageTestScript -->
    </test> <!-- Test -->
  </suite> <!-- Suite -->
</testng-results>
